2025-11-07T11:50:01.533+08:00  INFO 44361 --- [task-management-system] [restartedMain] c.i.t.TaskManagementSystemApplication    : Starting TaskManagementSystemApplication using Java 21.0.8 with PID 44361 (/home/iamjdribleza/workspace/web/intellij/live/task-management-system/target/classes started by iamjdribleza in /home/iamjdribleza/workspace/web/intellij/live/task-management-system)
2025-11-07T11:50:01.545+08:00  INFO 44361 --- [task-management-system] [restartedMain] c.i.t.TaskManagementSystemApplication    : The following 1 profile is active: "dev"
2025-11-07T11:50:01.646+08:00  INFO 44361 --- [task-management-system] [restartedMain] .e.DevToolsPropertyDefaultsPostProcessor : Devtools property defaults active! Set 'spring.devtools.add-properties' to 'false' to disable
2025-11-07T11:50:01.646+08:00  INFO 44361 --- [task-management-system] [restartedMain] .e.DevToolsPropertyDefaultsPostProcessor : For additional web related logging consider setting the 'logging.level.web' property to 'DEBUG'
2025-11-07T11:50:04.755+08:00  INFO 44361 --- [task-management-system] [restartedMain] .s.d.r.c.RepositoryConfigurationDelegate : Bootstrapping Spring Data JPA repositories in DEFAULT mode.
2025-11-07T11:50:05.362+08:00  INFO 44361 --- [task-management-system] [restartedMain] .s.d.r.c.RepositoryConfigurationDelegate : Finished Spring Data repository scanning in 581 ms. Found 3 JPA repository interfaces.
2025-11-07T11:50:10.138+08:00  INFO 44361 --- [task-management-system] [restartedMain] o.s.b.w.embedded.tomcat.TomcatWebServer  : Tomcat initialized with port 8080 (http)
2025-11-07T11:50:10.165+08:00  INFO 44361 --- [task-management-system] [restartedMain] o.apache.catalina.core.StandardService   : Starting service [Tomcat]
2025-11-07T11:50:10.166+08:00  INFO 44361 --- [task-management-system] [restartedMain] o.apache.catalina.core.StandardEngine    : Starting Servlet engine: [Apache Tomcat/10.1.44]
2025-11-07T11:50:10.393+08:00  INFO 44361 --- [task-management-system] [restartedMain] o.a.c.c.C.[Tomcat].[localhost].[/]       : Initializing Spring embedded WebApplicationContext
2025-11-07T11:50:10.394+08:00  INFO 44361 --- [task-management-system] [restartedMain] w.s.c.ServletWebServerApplicationContext : Root WebApplicationContext: initialization completed in 8746 ms
2025-11-07T11:50:11.678+08:00  INFO 44361 --- [task-management-system] [restartedMain] o.hibernate.jpa.internal.util.LogHelper  : HHH000204: Processing PersistenceUnitInfo [name: default]
2025-11-07T11:50:12.042+08:00  INFO 44361 --- [task-management-system] [restartedMain] org.hibernate.Version                    : HHH000412: Hibernate ORM core version 6.6.26.Final
2025-11-07T11:50:12.120+08:00  INFO 44361 --- [task-management-system] [restartedMain] o.h.c.internal.RegionFactoryInitiator    : HHH000026: Second-level cache disabled
2025-11-07T11:50:13.818+08:00  INFO 44361 --- [task-management-system] [restartedMain] o.s.o.j.p.SpringPersistenceUnitInfo      : No LoadTimeWeaver setup: ignoring JPA class transformer
2025-11-07T11:50:13.877+08:00  INFO 44361 --- [task-management-system] [restartedMain] com.zaxxer.hikari.HikariDataSource       : HikariPool-1 - Starting...
2025-11-07T11:50:15.481+08:00  INFO 44361 --- [task-management-system] [restartedMain] com.zaxxer.hikari.pool.HikariPool        : HikariPool-1 - Added connection org.postgresql.jdbc.PgConnection@784100b9
2025-11-07T11:50:15.483+08:00  INFO 44361 --- [task-management-system] [restartedMain] com.zaxxer.hikari.HikariDataSource       : HikariPool-1 - Start completed.
2025-11-07T11:50:15.879+08:00  INFO 44361 --- [task-management-system] [restartedMain] org.hibernate.orm.connections.pooling    : HHH10001005: Database info:
	Database JDBC URL [Connecting through datasource 'HikariDataSource (HikariPool-1)']
	Database driver: undefined/unknown
	Database version: 16.10
	Autocommit mode: undefined/unknown
	Isolation level: undefined/unknown
	Minimum pool size: undefined/unknown
	Maximum pool size: undefined/unknown
2025-11-07T11:50:22.005+08:00  INFO 44361 --- [task-management-system] [restartedMain] o.h.e.t.j.p.i.JtaPlatformInitiator       : HHH000489: No JTA platform available (set 'hibernate.transaction.jta.platform' to enable JTA platform integration)
2025-11-07T11:50:22.931+08:00  INFO 44361 --- [task-management-system] [restartedMain] j.LocalContainerEntityManagerFactoryBean : Initialized JPA EntityManagerFactory for persistence unit 'default'
2025-11-07T11:50:25.062+08:00  INFO 44361 --- [task-management-system] [restartedMain] r$InitializeUserDetailsManagerConfigurer : Global AuthenticationManager configured with UserDetailsService bean with name authUserDetailsServiceImpl
2025-11-07T11:50:26.267+08:00  WARN 44361 --- [task-management-system] [restartedMain] JpaBaseConfiguration$JpaWebConfiguration : spring.jpa.open-in-view is enabled by default. Therefore, database queries may be performed during view rendering. Explicitly configure spring.jpa.open-in-view to disable this warning
2025-11-07T11:50:30.941+08:00  INFO 44361 --- [task-management-system] [restartedMain] o.s.b.d.a.OptionalLiveReloadServer       : LiveReload server is running on port 35729
2025-11-07T11:50:31.282+08:00  INFO 44361 --- [task-management-system] [restartedMain] o.s.b.w.embedded.tomcat.TomcatWebServer  : Tomcat started on port 8080 (http) with context path '/'
2025-11-07T11:50:31.300+08:00  INFO 44361 --- [task-management-system] [restartedMain] c.i.t.TaskManagementSystemApplication    : Started TaskManagementSystemApplication in 33.024 seconds (process running for 35.56)
2025-11-07T11:52:05.837+08:00  INFO 44361 --- [task-management-system] [http-nio-8080-exec-1] o.a.c.c.C.[Tomcat].[localhost].[/]       : Initializing Spring DispatcherServlet 'dispatcherServlet'
2025-11-07T11:52:05.838+08:00  INFO 44361 --- [task-management-system] [http-nio-8080-exec-1] o.s.web.servlet.DispatcherServlet        : Initializing Servlet 'dispatcherServlet'
2025-11-07T11:52:05.841+08:00  INFO 44361 --- [task-management-system] [http-nio-8080-exec-1] o.s.web.servlet.DispatcherServlet        : Completed initialization in 2 ms
2025-11-07T11:52:07.920+08:00  INFO 44361 --- [task-management-system] [http-nio-8080-exec-2] c.i.t.filter.LoggingFilter               : [URI=/api/v1/auth] [METHOD=POST] [TIME=1762487525966] [RESPONSE=200]
2025-11-07T11:52:08.555+08:00  WARN 44361 --- [task-management-system] [http-nio-8080-exec-4] ration$PageModule$WarningLoggingModifier : Serializing PageImpl instances as-is is not supported, meaning that there is no guarantee about the stability of the resulting JSON structure!
	For a stable JSON structure, please use Spring Data's PagedModel (globally via @EnableSpringDataWebSupport(pageSerializationMode = VIA_DTO))
	or Spring HATEOAS and Spring Data's PagedResourcesAssembler as documented in https://docs.spring.io/spring-data/commons/reference/repositories/core-extensions.html#core.web.pageables.

2025-11-07T11:52:08.580+08:00  INFO 44361 --- [task-management-system] [http-nio-8080-exec-4] c.i.t.filter.LoggingFilter               : [URI=/api/v1/tasks] [METHOD=GET] [TIME=1762487528149] [RESPONSE=200]
2025-11-07T12:30:55.119+08:00  INFO 44361 --- [task-management-system] [SpringApplicationShutdownHook] o.s.b.w.e.tomcat.GracefulShutdown        : Commencing graceful shutdown. Waiting for active requests to complete
2025-11-07T12:30:55.129+08:00  INFO 44361 --- [task-management-system] [tomcat-shutdown] o.s.b.w.e.tomcat.GracefulShutdown        : Graceful shutdown complete
2025-11-07T12:30:55.148+08:00  INFO 44361 --- [task-management-system] [SpringApplicationShutdownHook] j.LocalContainerEntityManagerFactoryBean : Closing JPA EntityManagerFactory for persistence unit 'default'
2025-11-07T12:30:55.222+08:00  INFO 44361 --- [task-management-system] [SpringApplicationShutdownHook] com.zaxxer.hikari.HikariDataSource       : HikariPool-1 - Shutdown initiated...
2025-11-07T12:30:55.251+08:00  INFO 44361 --- [task-management-system] [SpringApplicationShutdownHook] com.zaxxer.hikari.HikariDataSource       : HikariPool-1 - Shutdown completed.
2025-11-07T17:47:12.909+08:00  INFO 55356 --- [task-management-system] [restartedMain] c.i.t.TaskManagementSystemApplication    : Starting TaskManagementSystemApplication using Java 21.0.8 with PID 55356 (/home/iamjdribleza/workspace/web/intellij/live/task-management-system/target/classes started by iamjdribleza in /home/iamjdribleza/workspace/web/intellij/live/task-management-system)
2025-11-07T17:47:12.912+08:00  INFO 55356 --- [task-management-system] [restartedMain] c.i.t.TaskManagementSystemApplication    : The following 1 profile is active: "dev"
2025-11-07T17:47:12.996+08:00  INFO 55356 --- [task-management-system] [restartedMain] .e.DevToolsPropertyDefaultsPostProcessor : Devtools property defaults active! Set 'spring.devtools.add-properties' to 'false' to disable
2025-11-07T17:47:12.998+08:00  INFO 55356 --- [task-management-system] [restartedMain] .e.DevToolsPropertyDefaultsPostProcessor : For additional web related logging consider setting the 'logging.level.web' property to 'DEBUG'
2025-11-07T17:47:19.092+08:00  INFO 55356 --- [task-management-system] [restartedMain] .s.d.r.c.RepositoryConfigurationDelegate : Bootstrapping Spring Data JPA repositories in DEFAULT mode.
2025-11-07T17:47:19.186+08:00  INFO 55356 --- [task-management-system] [restartedMain] .s.d.r.c.RepositoryConfigurationDelegate : Finished Spring Data repository scanning in 79 ms. Found 3 JPA repository interfaces.
2025-11-07T17:47:22.388+08:00  INFO 55356 --- [task-management-system] [restartedMain] o.s.b.w.embedded.tomcat.TomcatWebServer  : Tomcat initialized with port 8080 (http)
2025-11-07T17:47:22.410+08:00  INFO 55356 --- [task-management-system] [restartedMain] o.apache.catalina.core.StandardService   : Starting service [Tomcat]
2025-11-07T17:47:22.410+08:00  INFO 55356 --- [task-management-system] [restartedMain] o.apache.catalina.core.StandardEngine    : Starting Servlet engine: [Apache Tomcat/10.1.44]
2025-11-07T17:47:22.469+08:00  INFO 55356 --- [task-management-system] [restartedMain] o.a.c.c.C.[Tomcat].[localhost].[/]       : Initializing Spring embedded WebApplicationContext
2025-11-07T17:47:22.469+08:00  INFO 55356 --- [task-management-system] [restartedMain] w.s.c.ServletWebServerApplicationContext : Root WebApplicationContext: initialization completed in 9470 ms
2025-11-07T17:47:22.727+08:00  INFO 55356 --- [task-management-system] [restartedMain] o.hibernate.jpa.internal.util.LogHelper  : HHH000204: Processing PersistenceUnitInfo [name: default]
2025-11-07T17:47:22.787+08:00  INFO 55356 --- [task-management-system] [restartedMain] org.hibernate.Version                    : HHH000412: Hibernate ORM core version 6.6.26.Final
2025-11-07T17:47:22.833+08:00  INFO 55356 --- [task-management-system] [restartedMain] o.h.c.internal.RegionFactoryInitiator    : HHH000026: Second-level cache disabled
2025-11-07T17:47:23.180+08:00  INFO 55356 --- [task-management-system] [restartedMain] o.s.o.j.p.SpringPersistenceUnitInfo      : No LoadTimeWeaver setup: ignoring JPA class transformer
2025-11-07T17:47:23.237+08:00  INFO 55356 --- [task-management-system] [restartedMain] com.zaxxer.hikari.HikariDataSource       : HikariPool-1 - Starting...
2025-11-07T17:47:23.654+08:00  INFO 55356 --- [task-management-system] [restartedMain] com.zaxxer.hikari.pool.HikariPool        : HikariPool-1 - Added connection org.postgresql.jdbc.PgConnection@4bfb70a2
2025-11-07T17:47:23.656+08:00  INFO 55356 --- [task-management-system] [restartedMain] com.zaxxer.hikari.HikariDataSource       : HikariPool-1 - Start completed.
2025-11-07T17:47:23.735+08:00  INFO 55356 --- [task-management-system] [restartedMain] org.hibernate.orm.connections.pooling    : HHH10001005: Database info:
	Database JDBC URL [Connecting through datasource 'HikariDataSource (HikariPool-1)']
	Database driver: undefined/unknown
	Database version: 16.10
	Autocommit mode: undefined/unknown
	Isolation level: undefined/unknown
	Minimum pool size: undefined/unknown
	Maximum pool size: undefined/unknown
2025-11-07T17:47:24.996+08:00  INFO 55356 --- [task-management-system] [restartedMain] o.h.e.t.j.p.i.JtaPlatformInitiator       : HHH000489: No JTA platform available (set 'hibernate.transaction.jta.platform' to enable JTA platform integration)
2025-11-07T17:47:25.307+08:00  INFO 55356 --- [task-management-system] [restartedMain] j.LocalContainerEntityManagerFactoryBean : Initialized JPA EntityManagerFactory for persistence unit 'default'
2025-11-07T17:47:25.772+08:00  INFO 55356 --- [task-management-system] [restartedMain] r$InitializeUserDetailsManagerConfigurer : Global AuthenticationManager configured with UserDetailsService bean with name authUserDetailsServiceImpl
2025-11-07T17:47:26.022+08:00  WARN 55356 --- [task-management-system] [restartedMain] JpaBaseConfiguration$JpaWebConfiguration : spring.jpa.open-in-view is enabled by default. Therefore, database queries may be performed during view rendering. Explicitly configure spring.jpa.open-in-view to disable this warning
2025-11-07T17:47:26.818+08:00  INFO 55356 --- [task-management-system] [restartedMain] o.s.b.d.a.OptionalLiveReloadServer       : LiveReload server is running on port 35729
2025-11-07T17:47:26.861+08:00  INFO 55356 --- [task-management-system] [restartedMain] o.s.b.w.embedded.tomcat.TomcatWebServer  : Tomcat started on port 8080 (http) with context path '/'
2025-11-07T17:47:26.875+08:00  INFO 55356 --- [task-management-system] [restartedMain] c.i.t.TaskManagementSystemApplication    : Started TaskManagementSystemApplication in 18.683 seconds (process running for 22.587)
2025-11-07T19:38:39.383+08:00  INFO 55356 --- [task-management-system] [SpringApplicationShutdownHook] o.s.b.w.e.tomcat.GracefulShutdown        : Commencing graceful shutdown. Waiting for active requests to complete
2025-11-07T19:38:39.448+08:00  INFO 55356 --- [task-management-system] [tomcat-shutdown] o.s.b.w.e.tomcat.GracefulShutdown        : Graceful shutdown complete
2025-11-07T19:38:39.456+08:00  INFO 55356 --- [task-management-system] [SpringApplicationShutdownHook] j.LocalContainerEntityManagerFactoryBean : Closing JPA EntityManagerFactory for persistence unit 'default'
2025-11-07T19:38:39.461+08:00  INFO 55356 --- [task-management-system] [SpringApplicationShutdownHook] com.zaxxer.hikari.HikariDataSource       : HikariPool-1 - Shutdown initiated...
2025-11-07T19:38:39.486+08:00  INFO 55356 --- [task-management-system] [SpringApplicationShutdownHook] com.zaxxer.hikari.HikariDataSource       : HikariPool-1 - Shutdown completed.
